<?xml version="1.0" encoding="UTF-8"?>
<!-- Generated by org.testng.reporters.JUnitXMLReporter -->
<testsuite hostname="AbhinayaS" ignored="0" name="Default test" tests="5" failures="0" timestamp="23 Aug 2017 07:36:51 GMT" time="15.266" errors="0">
  <testcase name="inheritance" time="7.739" classname="datadriven.Annotations"/>
  <testcase name="userid" time="0.002" classname="datadriven.Annotations"/>
  <testcase name="userid" time="0.002" classname="datadriven.Annotations"/>
  <testcase name="userid" time="0.001" classname="datadriven.Annotations"/>
  <testcase name="Login" time="7.483" classname="packTwo.TestBase"/>
</testsuite> <!-- Default test -->
