<?xml version="1.0" encoding="UTF-8"?>
<testng-results skipped="0" failed="1" total="7" passed="6">
  <reporter-output>
  </reporter-output>
  <suite name="Automation Test" duration-ms="16" started-at="2017-09-06T12:21:28Z" finished-at="2017-09-06T12:21:28Z">
    <groups>
    </groups>
    <test name="Smoke Testcases" duration-ms="16" started-at="2017-09-06T12:21:28Z" finished-at="2017-09-06T12:21:28Z">
      <class name="testngFiles.Annotations2">
        <test-method status="PASS" signature="installSoftware()[pri:0, instance:testngFiles.Annotations2@449b2d27]" name="installSoftware" is-config="true" duration-ms="16" started-at="2017-09-06T17:51:28Z" finished-at="2017-09-06T17:51:28Z">
          <reporter-output>
          </reporter-output>
        </test-method> <!-- installSoftware -->
        <test-method status="PASS" signature="executeSoftware()[pri:0, instance:testngFiles.Annotations2@449b2d27]" name="executeSoftware" duration-ms="0" started-at="2017-09-06T17:51:28Z" finished-at="2017-09-06T17:51:28Z">
          <reporter-output>
          </reporter-output>
        </test-method> <!-- executeSoftware -->
        <test-method status="PASS" signature="uninstallSoftware()[pri:0, instance:testngFiles.Annotations2@449b2d27]" name="uninstallSoftware" is-config="true" duration-ms="0" started-at="2017-09-06T17:51:28Z" finished-at="2017-09-06T17:51:28Z">
          <reporter-output>
          </reporter-output>
        </test-method> <!-- uninstallSoftware -->
      </class> <!-- testngFiles.Annotations2 -->
      <class name="testngFiles.DependencyAnnotatins">
        <test-method status="PASS" signature="openingBrowser()[pri:0, instance:testngFiles.DependencyAnnotatins@6aceb1a5]" name="openingBrowser" duration-ms="0" started-at="2017-09-06T17:51:28Z" finished-at="2017-09-06T17:51:28Z">
          <reporter-output>
          </reporter-output>
        </test-method> <!-- openingBrowser -->
        <test-method status="PASS" signature="timeRelated()[pri:0, instance:testngFiles.DependencyAnnotatins@6aceb1a5]" name="timeRelated" duration-ms="0" started-at="2017-09-06T17:51:28Z" finished-at="2017-09-06T17:51:28Z">
          <reporter-output>
          </reporter-output>
        </test-method> <!-- timeRelated -->
        <test-method status="PASS" signature="flightBooking()[pri:0, instance:testngFiles.DependencyAnnotatins@6aceb1a5]" name="flightBooking" duration-ms="0" started-at="2017-09-06T17:51:28Z" depends-on-methods="testngFiles.DependencyAnnotatins.openingBrowser" finished-at="2017-09-06T17:51:28Z">
          <reporter-output>
          </reporter-output>
        </test-method> <!-- flightBooking -->
        <test-method status="PASS" signature="checkingSeatAvailbility()[pri:0, instance:testngFiles.DependencyAnnotatins@6aceb1a5]" name="checkingSeatAvailbility" duration-ms="0" started-at="2017-09-06T17:51:28Z" depends-on-methods="testngFiles.DependencyAnnotatins.flightBooking" finished-at="2017-09-06T17:51:28Z">
          <reporter-output>
          </reporter-output>
        </test-method> <!-- checkingSeatAvailbility -->
      </class> <!-- testngFiles.DependencyAnnotatins -->
      <class name="testngFiles.Annotations">
        <test-method status="PASS" signature="cookies()[pri:0, instance:testngFiles.Annotations@ba4d54]" name="cookies" is-config="true" duration-ms="0" started-at="2017-09-06T17:51:28Z" finished-at="2017-09-06T17:51:28Z">
          <reporter-output>
          </reporter-output>
        </test-method> <!-- cookies -->
        <test-method status="PASS" signature="openingBrowser()[pri:0, instance:testngFiles.Annotations@ba4d54]" name="openingBrowser" duration-ms="0" started-at="2017-09-06T17:51:28Z" finished-at="2017-09-06T17:51:28Z">
          <reporter-output>
          </reporter-output>
        </test-method> <!-- openingBrowser -->
        <test-method status="PASS" signature="useridGeneration()[pri:0, instance:testngFiles.Annotations@ba4d54]" name="useridGeneration" is-config="true" duration-ms="0" started-at="2017-09-06T17:51:28Z" finished-at="2017-09-06T17:51:28Z">
          <reporter-output>
          </reporter-output>
        </test-method> <!-- useridGeneration -->
        <test-method status="FAIL" signature="flightBooking(java.lang.String)[pri:0, instance:testngFiles.Annotations@ba4d54]" name="flightBooking" duration-ms="0" started-at="2017-09-06T17:51:28Z" finished-at="2017-09-06T17:51:28Z">
          <exception class="org.testng.TestNGException">
            <message>
              <![CDATA[
Parameter 'adminuserid' is required by @Test on method flightBooking but has not been marked @Optional or defined
in D:\Selenium_Projects\oxygen\Framework_01\package.xml]]>
            </message>
            <full-stacktrace>
              <![CDATA[org.testng.TestNGException: 
Parameter 'adminuserid' is required by @Test on method flightBooking but has not been marked @Optional or defined
in D:\Selenium_Projects\oxygen\Framework_01\package.xml
	at org.testng.internal.Parameters.createParameters(Parameters.java:155)
	at org.testng.internal.Parameters.createParameters(Parameters.java:358)
	at org.testng.internal.Parameters.handleParameters(Parameters.java:450)
	at org.testng.internal.Invoker.handleParameters(Invoker.java:1383)
	at org.testng.internal.Invoker.createParameters(Invoker.java:1075)
	at org.testng.internal.Invoker.invokeTestMethods(Invoker.java:1180)
	at org.testng.internal.TestMethodWorker.invokeTestMethods(TestMethodWorker.java:127)
	at org.testng.internal.TestMethodWorker.run(TestMethodWorker.java:111)
	at org.testng.TestRunner.privateRun(TestRunner.java:767)
	at org.testng.TestRunner.run(TestRunner.java:617)
	at org.testng.SuiteRunner.runTest(SuiteRunner.java:334)
	at org.testng.SuiteRunner.runSequentially(SuiteRunner.java:329)
	at org.testng.SuiteRunner.privateRun(SuiteRunner.java:291)
	at org.testng.SuiteRunner.run(SuiteRunner.java:240)
	at org.testng.SuiteRunnerWorker.runSuite(SuiteRunnerWorker.java:52)
	at org.testng.SuiteRunnerWorker.run(SuiteRunnerWorker.java:86)
	at org.testng.TestNG.runSuitesSequentially(TestNG.java:1224)
	at org.testng.TestNG.runSuitesLocally(TestNG.java:1149)
	at org.testng.TestNG.run(TestNG.java:1057)
	at org.testng.TestNG.privateMain(TestNG.java:1364)
	at org.testng.TestNG.main(TestNG.java:1333)
]]>
            </full-stacktrace>
          </exception> <!-- org.testng.TestNGException -->
          <reporter-output>
          </reporter-output>
        </test-method> <!-- flightBooking -->
        <test-method status="PASS" signature="cookiesclose()[pri:0, instance:testngFiles.Annotations@ba4d54]" name="cookiesclose" is-config="true" duration-ms="15" started-at="2017-09-06T17:51:28Z" finished-at="2017-09-06T17:51:28Z">
          <reporter-output>
          </reporter-output>
        </test-method> <!-- cookiesclose -->
        <test-method status="PASS" signature="reportAdding()[pri:0, instance:testngFiles.Annotations@ba4d54]" name="reportAdding" is-config="true" duration-ms="0" started-at="2017-09-06T17:51:28Z" finished-at="2017-09-06T17:51:28Z">
          <reporter-output>
          </reporter-output>
        </test-method> <!-- reportAdding -->
      </class> <!-- testngFiles.Annotations -->
    </test> <!-- Smoke Testcases -->
  </suite> <!-- Automation Test -->
</testng-results>
