<?xml version="1.0" encoding="UTF-8"?>
<testng-results skipped="0" failed="0" ignored="0" total="1" passed="1">
  <reporter-output>
  </reporter-output>
  <suite name="Default suite" duration-ms="78" started-at="2017-09-11T11:29:31Z" finished-at="2017-09-11T11:29:31Z">
    <groups>
    </groups>
    <test name="Default test" duration-ms="78" started-at="2017-09-11T11:29:31Z" finished-at="2017-09-11T11:29:31Z">
      <class name="DebitCards.AppTest">
        <test-method status="PASS" signature="cookies()[pri:0, instance:DebitCards.AppTest@1810399e]" name="cookies" is-config="true" duration-ms="31" started-at="2017-09-11T16:59:31Z" finished-at="2017-09-11T16:59:31Z">
          <reporter-output>
          </reporter-output>
        </test-method> <!-- cookies -->
        <test-method status="PASS" signature="openingBrowser()[pri:0, instance:DebitCards.AppTest@1810399e]" name="openingBrowser" duration-ms="15" started-at="2017-09-11T16:59:31Z" finished-at="2017-09-11T16:59:31Z">
          <reporter-output>
          </reporter-output>
        </test-method> <!-- openingBrowser -->
        <test-method status="PASS" signature="useridGeneration()[pri:0, instance:DebitCards.AppTest@1810399e]" name="useridGeneration" is-config="true" duration-ms="0" started-at="2017-09-11T16:59:31Z" finished-at="2017-09-11T16:59:31Z">
          <reporter-output>
          </reporter-output>
        </test-method> <!-- useridGeneration -->
        <test-method status="PASS" signature="reportAdding()[pri:0, instance:DebitCards.AppTest@1810399e]" name="reportAdding" is-config="true" duration-ms="16" started-at="2017-09-11T16:59:31Z" finished-at="2017-09-11T16:59:31Z">
          <reporter-output>
          </reporter-output>
        </test-method> <!-- reportAdding -->
        <test-method status="PASS" signature="cookiesclose()[pri:0, instance:DebitCards.AppTest@1810399e]" name="cookiesclose" is-config="true" duration-ms="0" started-at="2017-09-11T16:59:31Z" finished-at="2017-09-11T16:59:31Z">
          <reporter-output>
          </reporter-output>
        </test-method> <!-- cookiesclose -->
      </class> <!-- DebitCards.AppTest -->
    </test> <!-- Default test -->
  </suite> <!-- Default suite -->
</testng-results>
