<?xml version="1.0" encoding="UTF-8"?>
<!-- Generated by org.testng.reporters.JUnitXMLReporter -->
<testsuite hostname="AbhinayaS" name="Smoke Testcases" tests="7" failures="0" timestamp="6 Sep 2017 12:21:28 GMT" time="0.016" errors="0">
  <testcase name="flightBooking" time="0.0" classname="testngFiles.Annotations">
    <skipped/>
  </testcase> <!-- flightBooking -->
  <testcase name="openingBrowser" time="0.0" classname="testngFiles.Annotations"/>
  <testcase name="executeSoftware" time="0.0" classname="testngFiles.Annotations2"/>
  <testcase name="openingBrowser" time="0.0" classname="testngFiles.DependencyAnnotatins"/>
  <testcase name="timeRelated" time="0.0" classname="testngFiles.DependencyAnnotatins"/>
  <testcase name="flightBooking" time="0.0" classname="testngFiles.DependencyAnnotatins"/>
  <testcase name="checkingSeatAvailbility" time="0.0" classname="testngFiles.DependencyAnnotatins"/>
</testsuite> <!-- Smoke Testcases -->
